<?xml version="1.0" encoding="UTF-8"?>
<testng-results ignored="0" total="1" passed="1" failed="0" skipped="0">
  <reporter-output>
  </reporter-output>
  <suite started-at="2022-07-23T23:11:18 EET" name="Suite" finished-at="2022-07-23T23:11:51 EET" duration-ms="32986">
    <groups>
      <group name="smoke">
        <method signature="E2E_CreateNewAlarm.addNewAlarm()[pri:1, instance:test_cases.E2E_CreateNewAlarm@3f6f6701]" name="addNewAlarm" class="test_cases.E2E_CreateNewAlarm"/>
      </group> <!-- smoke -->
    </groups>
    <test started-at="2022-07-23T23:11:18 EET" name="Add New Alarm Using Alarm Mobile APP" finished-at="2022-07-23T23:11:51 EET" duration-ms="32986">
      <class name="test_cases.E2E_CreateNewAlarm">
        <test-method is-config="true" signature="prepare()[pri:0, instance:test_cases.E2E_CreateNewAlarm@3f6f6701]" started-at="2022-07-23T23:11:18 EET" name="prepare" finished-at="2022-07-23T23:11:37 EET" duration-ms="19277" status="PASS">
          <reporter-output>
          </reporter-output>
        </test-method> <!-- prepare -->
        <test-method signature="addNewAlarm()[pri:1, instance:test_cases.E2E_CreateNewAlarm@3f6f6701]" started-at="2022-07-23T23:11:37 EET" name="addNewAlarm" description="add new alarm" finished-at="2022-07-23T23:11:50 EET" duration-ms="12732" status="PASS">
          <reporter-output>
          </reporter-output>
        </test-method> <!-- addNewAlarm -->
        <test-method is-config="true" signature="TearDown()[pri:0, instance:test_cases.E2E_CreateNewAlarm@3f6f6701]" started-at="2022-07-23T23:11:50 EET" name="TearDown" finished-at="2022-07-23T23:11:51 EET" duration-ms="898" status="PASS">
          <reporter-output>
          </reporter-output>
        </test-method> <!-- TearDown -->
      </class> <!-- test_cases.E2E_CreateNewAlarm -->
    </test> <!-- Add New Alarm Using Alarm Mobile APP -->
  </suite> <!-- Suite -->
</testng-results>
